nr of stochast(s) is: 7
   stochast 0: aa ; lognormal2: 120.000000 12.000000 0.000000 
   stochast 1: bb ; lognormal2: 120.000000 12.000000 0.000000 
   stochast 2: cc ; lognormal2: 120.000000 12.000000 0.000000 
   stochast 3: dd ; lognormal2: 120.000000 12.000000 0.000000 
   stochast 4: ee ; lognormal2: 50.000000 15.000000 0.000000 
   stochast 5: ff ; lognormal2: 40.000000 12.000000 0.000000 
   stochast 6: gg ; lognormal2: 40.000000 12.000000 0.000000 
settings:
   methode        : fdir
   tol            : 0.001
   min/max samples: 10000, 100000
   seed           : gm, 2345, 3456
   epsilonDu      : 0.001
   startmethod    : ray-search
FORM did converge. Needed 7 step(s).
beta =        0.471508; q = 0.318639
alpha and x values: 
0       0.114463     118.763362 aa
1       0.227737     118.132316 bb
2       0.000000       0.000000 cc
3       0.114463     118.763362 dd
4      -0.756786      53.180159 ee
5      -0.590938      41.578612 ff
6       0.000000      38.313051 gg
FORM did converge. Needed 5 step(s).
beta =        0.661788; q = 0.254054
alpha and x values: 
0       0.110930     118.533266 aa
1       0.219934     117.683380 bb
2       0.000000      10.000000 cc
3       0.110930     118.533266 dd
4      -0.760635      55.517940 ee
5      -0.590299      42.968651 ff
6       0.000000      38.313051 gg
FORM did converge. Needed 6 step(s).
beta =        0.845435; q = 0.198934
alpha and x values: 
0       0.105881     118.343013 aa
1       0.211519     117.293405 bb
2       0.000000      20.000000 cc
3       0.105881     118.343013 dd
4      -0.766796      57.930399 ee
5      -0.587250      44.324510 ff
6       0.000000      38.313051 gg
FORM did converge. Needed 6 step(s).
beta =        1.022746; q = 0.153214
alpha and x values: 
0       0.102219     118.165738 aa
1       0.202921     116.957960 bb
2       0.000000      30.000000 cc
3       0.102219     118.165738 dd
4      -0.772213      60.387481 ee
5      -0.584476      45.662276 ff
6       0.000000      38.313051 gg
FORM did converge. Needed 6 step(s).
beta =        1.194066; q = 0.116226
alpha and x values: 
0       0.099168     118.002377 aa
1       0.196121     116.647514 bb
2       0.000000      40.000000 cc
3       0.099168     118.002377 dd
4      -0.776956      62.883321 ee
5      -0.581556      46.976311 ff
6       0.000000      38.313051 gg
FORM did converge. Needed 6 step(s).
beta =        1.359740; q = 0.0869561
alpha and x values: 
0       0.096435     117.852817 aa
1       0.188987     116.382607 bb
2       0.000000      50.000000 cc
3       0.096435     117.852817 dd
4      -0.782846      65.458696 ee
5      -0.576920      48.234641 ff
6       0.000000      38.313051 gg

step cc beta
0 0 0.471508
1 10 0.661788
2 20 0.845435
3 30 1.02275
4 40 1.19407
5 50 1.35974
