nr of stochast(s) is: 7
   stochast 0: aa ; lognormal2: 120.000000 12.000000 0.000000 
   stochast 1: bb ; lognormal2: 120.000000 12.000000 0.000000 
   stochast 2: cc ; lognormal2: 120.000000 12.000000 0.000000 
   stochast 3: dd ; lognormal2: 120.000000 12.000000 0.000000 
   stochast 4: ee ; lognormal2: 50.000000 15.000000 0.000000 
   stochast 5: ff ; lognormal2: 40.000000 12.000000 0.000000 
   stochast 6: gg ; lognormal2: 40.000000 12.000000 0.000000 
settings:
   methode        : fdir
   tol            : 0.001
   min/max samples: 10000, 100000
   seed           : gm, 2345, 3456
   epsilonDu      : 0.001
   startmethod    : ray-search
FORM did converge. Needed 7 step(s).
beta =        0.471508; q = 0.318639
alpha and x values: 
0       0.114463     118.763362 aa
1       0.227737     118.132316 bb
2       0.000000       0.000000 cc
3       0.114463     118.763362 dd
4      -0.756786      53.180159 ee
5      -0.590938      41.578612 ff
6       0.000000      38.313051 gg
FORM did converge. Needed 6 step(s).
beta =        1.359740; q = 0.0869561
alpha and x values: 
0       0.096435     117.852817 aa
1       0.188987     116.382607 bb
2       0.000000      50.000000 cc
3       0.096435     117.852817 dd
4      -0.782846      65.458696 ee
5      -0.576920      48.234641 ff
6       0.000000      38.313051 gg
FORM did converge. Needed 6 step(s).
beta =        1.018371; q = 0.154251
alpha and x values: 
0       0.102326     118.169725 aa
1       0.202909     116.968456 bb
2       0.000000      29.749667 cc
3       0.102326     118.169725 dd
4      -0.771850      60.321060 ee
5      -0.584923      45.634105 ff
6       0.000000      38.313051 gg
FORM did converge. Needed 5 step(s).
beta =        0.999979; q = 0.15866
alpha and x values: 
0       0.103818     118.174320 aa
1       0.203969     116.999640 bb
2       0.000000      28.698375 cc
3       0.103818     118.174320 dd
4      -0.771054      60.056169 ee
5      -0.585078      45.492283 ff
6       0.000000      38.313051 gg

Final result: cc = 28.6984
