nr of stochast(s) is: 2
   stochast 0: coh ; normal: 3.140000 2.780000 
   stochast 1: phi ; lognormal2: 3.000000 2.000000 1.000000 
settings:
   methode        : fdir
   tol            : 0.01
   min/max samples: 10000, 90000
   seed           : gm, 2345, 3456
   epsilonDu      : 0.001
   startmethod    : ray-search
no table/design
found 1 correlated stochastic parameter(s)
z1:
FORM did converge. Needed 7 step(s).
beta =        1.512235; q = 0.065237
alpha and x values: 
0       0.893181      -0.614947 coh
1       0.449696       1.617080 phi
z2:
FORM did converge. Needed 7 step(s).
beta =       -0.129227; q = 0.551411
alpha and x values: 
0       0.308529       3.250839 coh
1      -0.951215       2.291471 phi
z1 or z2
combin did converge. Needed 14 step(s).
beta =       -0.222387; q = 0.587993
alpha and x values: 
0       0.478852       3.436043 coh
1      -0.877896       2.235355 phi
