nr of stochast(s) is: 3
   stochast 0: aa ; uniform: 0.000000 3.000000 
   stochast 1: bb ; uniform: 0.000000 3.000000 
   stochast 2: cc ; uspace: 
settings:
   methode        : cm
   tol            : 0.01
   min/max samples: 40000, 80000
   seed           : gm, 2345, 3456
   progress each  : 10000 steps.
no table/design
nTimes, Pf = 10000, 0.3397
nTimes, Pf = 20000, 0.3371
nTimes, Pf = 30000, 0.334967
CM did converge. Needed 40000 step(s).
beta =        0.430613; q = 0.333375
alpha and x values: 
0      -0.138528       1.427105 aa
1       0.989737       2.005122 bb
2       0.035093       0.015439 cc
